
 +------------------------------------------------------+
 |                                                      |
 | phflat - program to perform projected HF / HFB based |
 |          calculations on 1D / 2D spin lattices       |
 |                                                      |
 |                             CAJH, v0.02  --  11.2012 |
 +------------------------------------------------------+


  phflat started on sulu.rice.edu at Thu Nov 17 13:40:52 2016.
  phflat running on up to      4 thread(s).


  Hamiltonian parameters :

    iham   =            1  --  Hubbard Hamiltonian
    uhub   =       8.0000
    t1hub  =       1.0000
    t2hub  =       0.0000
    t3hub  =       0.0000

  Lattice parameters :

    ilatty =            1  --  square 1D / 2D lattice
    inx    =            4
    iny    =            4
    lpbc   =            T

  Number of electrons :

    nup    =            8
    ndn    =            8

  Method selection :

    iwfnty =            2  --  UHF determinant
    imethd =            8  --  SG + spin-projected HF

  Optimization parameters :

    iprint =            0
    igstyp =            1
    igsmix =            5
    igsnmx =            0
    maxit  =          512
    mxfunc =         2048
    nbuf   =           20
    gtol   =    1.000E-04
    iopt   =            1  --  FED type optimization

  Projection parameters :

    imult  =            1
    ngrdb  =           20
    igrdb  =            2
    ikx    =            0
    iky    =            0
    sx     =            1
    sy     =            1
    sxy    =            1

  State control :

    lread  =            F
    lsave  =            T
    lnewdt =            F
    lnewst =            F


  SCF start.


 initial values:

 f     =      34.582587336020
 gnorm =       6.361016047859

 iter  =                    1
 nfunc =                    2
 f     =      23.926130454195
 gnorm =       4.909666389510
 step  =         1.572076E-01

 iter  =                    2
 nfunc =                    3
 f     =      13.408935381708
 gnorm =       3.721996386405
 step  =         1.000000E+00

 iter  =                    3
 nfunc =                    4
 f     =       4.655768281688
 gnorm =       3.996534572340
 step  =         1.000000E+00

 iter  =                    4
 nfunc =                    5
 f     =      -0.182531878272
 gnorm =       2.268762164201
 step  =         1.000000E+00

 iter  =                    5
 nfunc =                    6
 f     =      -3.718391049348
 gnorm =       1.774949612801
 step  =         1.000000E+00

 iter  =                    6
 nfunc =                    7
 f     =      -5.674993263015
 gnorm =       2.338151607130
 step  =         1.000000E+00

 iter  =                    7
 nfunc =                    8
 f     =      -7.059574308483
 gnorm =       0.683084666198
 step  =         1.000000E+00

 iter  =                    8
 nfunc =                    9
 f     =      -7.392521011859
 gnorm =       0.499773300244
 step  =         1.000000E+00

 iter  =                    9
 nfunc =                   10
 f     =      -7.801606713713
 gnorm =       0.468264094747
 step  =         1.000000E+00

 iter  =                   10
 nfunc =                   11
 f     =      -7.927866227122
 gnorm =       0.390901534272
 step  =         1.000000E+00

 iter  =                   11
 nfunc =                   12
 f     =      -8.011316869173
 gnorm =       0.166091139028
 step  =         1.000000E+00

 iter  =                   12
 nfunc =                   13
 f     =      -8.050366112663
 gnorm =       0.134729488734
 step  =         1.000000E+00

 iter  =                   13
 nfunc =                   14
 f     =      -8.093670633313
 gnorm =       0.143217555510
 step  =         1.000000E+00

 iter  =                   14
 nfunc =                   16
 f     =      -8.120526316153
 gnorm =       0.162728969674
 step  =         5.172966E-01

 iter  =                   15
 nfunc =                   17
 f     =      -8.139091781535
 gnorm =       0.097254956431
 step  =         1.000000E+00

 iter  =                   16
 nfunc =                   18
 f     =      -8.155270790618
 gnorm =       0.084425898654
 step  =         1.000000E+00

 iter  =                   17
 nfunc =                   19
 f     =      -8.170206866145
 gnorm =       0.134387985869
 step  =         1.000000E+00

 iter  =                   18
 nfunc =                   20
 f     =      -8.182700796997
 gnorm =       0.082732961396
 step  =         1.000000E+00

 iter  =                   19
 nfunc =                   21
 f     =      -8.191362125313
 gnorm =       0.070995883627
 step  =         1.000000E+00

 iter  =                   20
 nfunc =                   22
 f     =      -8.207308352021
 gnorm =       0.074588345735
 step  =         1.000000E+00

 iter  =                   21
 nfunc =                   23
 f     =      -8.223372001737
 gnorm =       0.087711611848
 step  =         1.000000E+00

 iter  =                   22
 nfunc =                   24
 f     =      -8.238213930340
 gnorm =       0.069183422555
 step  =         1.000000E+00

 iter  =                   23
 nfunc =                   25
 f     =      -8.250163414837
 gnorm =       0.052231392865
 step  =         1.000000E+00

 iter  =                   24
 nfunc =                   26
 f     =      -8.256804074214
 gnorm =       0.062115839704
 step  =         1.000000E+00

 iter  =                   25
 nfunc =                   27
 f     =      -8.265350746504
 gnorm =       0.052862597746
 step  =         1.000000E+00

 iter  =                   26
 nfunc =                   28
 f     =      -8.274211197293
 gnorm =       0.055779768037
 step  =         1.000000E+00

 iter  =                   27
 nfunc =                   29
 f     =      -8.280116749433
 gnorm =       0.040198605875
 step  =         1.000000E+00

 iter  =                   28
 nfunc =                   30
 f     =      -8.286589814396
 gnorm =       0.038903435399
 step  =         1.000000E+00

 iter  =                   29
 nfunc =                   31
 f     =      -8.293551740770
 gnorm =       0.062704032321
 step  =         1.000000E+00

 iter  =                   30
 nfunc =                   32
 f     =      -8.299529320064
 gnorm =       0.061708648713
 step  =         1.000000E+00

 iter  =                   31
 nfunc =                   33
 f     =      -8.304075071042
 gnorm =       0.039524928412
 step  =         1.000000E+00

 iter  =                   32
 nfunc =                   34
 f     =      -8.309353485373
 gnorm =       0.048292521834
 step  =         1.000000E+00

 iter  =                   33
 nfunc =                   35
 f     =      -8.311905676845
 gnorm =       0.087970711397
 step  =         1.000000E+00

 iter  =                   34
 nfunc =                   36
 f     =      -8.315296669769
 gnorm =       0.042978427305
 step  =         1.000000E+00

 iter  =                   35
 nfunc =                   37
 f     =      -8.318401584032
 gnorm =       0.049261852570
 step  =         1.000000E+00

 iter  =                   36
 nfunc =                   38
 f     =      -8.321461994960
 gnorm =       0.062334858974
 step  =         1.000000E+00

 iter  =                   37
 nfunc =                   39
 f     =      -8.325110251482
 gnorm =       0.051782067155
 step  =         1.000000E+00

 iter  =                   38
 nfunc =                   40
 f     =      -8.328417844937
 gnorm =       0.066780776597
 step  =         1.000000E+00

 iter  =                   39
 nfunc =                   41
 f     =      -8.330769290238
 gnorm =       0.046270258995
 step  =         1.000000E+00

 iter  =                   40
 nfunc =                   42
 f     =      -8.334722688048
 gnorm =       0.046730244282
 step  =         1.000000E+00

 iter  =                   41
 nfunc =                   43
 f     =      -8.338200156705
 gnorm =       0.042998739740
 step  =         1.000000E+00

 iter  =                   42
 nfunc =                   44
 f     =      -8.341349669828
 gnorm =       0.039415710804
 step  =         1.000000E+00

 iter  =                   43
 nfunc =                   45
 f     =      -8.344644755981
 gnorm =       0.055501536807
 step  =         1.000000E+00

 iter  =                   44
 nfunc =                   46
 f     =      -8.347576476187
 gnorm =       0.062777622962
 step  =         1.000000E+00

 iter  =                   45
 nfunc =                   47
 f     =      -8.350241519059
 gnorm =       0.039313994796
 step  =         1.000000E+00

 iter  =                   46
 nfunc =                   48
 f     =      -8.353580306562
 gnorm =       0.056903535424
 step  =         1.000000E+00

 iter  =                   47
 nfunc =                   49
 f     =      -8.356599230325
 gnorm =       0.055430073892
 step  =         1.000000E+00

 iter  =                   48
 nfunc =                   50
 f     =      -8.359575379493
 gnorm =       0.043023390862
 step  =         1.000000E+00

 iter  =                   49
 nfunc =                   51
 f     =      -8.362897136363
 gnorm =       0.047246386860
 step  =         1.000000E+00

 iter  =                   50
 nfunc =                   52
 f     =      -8.366266220846
 gnorm =       0.053139840938
 step  =         1.000000E+00

 iter  =                   51
 nfunc =                   53
 f     =      -8.370677405172
 gnorm =       0.055735837601
 step  =         1.000000E+00

 iter  =                   52
 nfunc =                   54
 f     =      -8.374467920289
 gnorm =       0.045375736464
 step  =         1.000000E+00

 iter  =                   53
 nfunc =                   55
 f     =      -8.377805063289
 gnorm =       0.050083255659
 step  =         1.000000E+00

 iter  =                   54
 nfunc =                   56
 f     =      -8.381927088094
 gnorm =       0.047305082664
 step  =         1.000000E+00

 iter  =                   55
 nfunc =                   57
 f     =      -8.386738289275
 gnorm =       0.044941868738
 step  =         1.000000E+00

 iter  =                   56
 nfunc =                   58
 f     =      -8.391443427281
 gnorm =       0.045770794858
 step  =         1.000000E+00

 iter  =                   57
 nfunc =                   59
 f     =      -8.395858633719
 gnorm =       0.061869742898
 step  =         1.000000E+00

 iter  =                   58
 nfunc =                   60
 f     =      -8.399440858348
 gnorm =       0.047159121655
 step  =         1.000000E+00

 iter  =                   59
 nfunc =                   61
 f     =      -8.401811213010
 gnorm =       0.043180662629
 step  =         1.000000E+00

 iter  =                   60
 nfunc =                   62
 f     =      -8.404179904324
 gnorm =       0.046636044176
 step  =         1.000000E+00

 iter  =                   61
 nfunc =                   63
 f     =      -8.406201846457
 gnorm =       0.047701257929
 step  =         1.000000E+00

 iter  =                   62
 nfunc =                   64
 f     =      -8.407705947515
 gnorm =       0.085682601596
 step  =         1.000000E+00

 iter  =                   63
 nfunc =                   65
 f     =      -8.410982122088
 gnorm =       0.042841181412
 step  =         1.000000E+00

 iter  =                   64
 nfunc =                   66
 f     =      -8.412456843823
 gnorm =       0.031823994463
 step  =         1.000000E+00

 iter  =                   65
 nfunc =                   67
 f     =      -8.413756810768
 gnorm =       0.033521737390
 step  =         1.000000E+00

 iter  =                   66
 nfunc =                   68
 f     =      -8.416717216195
 gnorm =       0.042585346058
 step  =         1.000000E+00

 iter  =                   67
 nfunc =                   69
 f     =      -8.417206932118
 gnorm =       0.089271665625
 step  =         1.000000E+00

 iter  =                   68
 nfunc =                   70
 f     =      -8.419699405668
 gnorm =       0.028553291473
 step  =         1.000000E+00

 iter  =                   69
 nfunc =                   71
 f     =      -8.420463277734
 gnorm =       0.022877189800
 step  =         1.000000E+00

 iter  =                   70
 nfunc =                   72
 f     =      -8.421654279244
 gnorm =       0.031105435579
 step  =         1.000000E+00

 iter  =                   71
 nfunc =                   73
 f     =      -8.422664608177
 gnorm =       0.045301543102
 step  =         1.000000E+00

 iter  =                   72
 nfunc =                   74
 f     =      -8.423720263019
 gnorm =       0.023717262671
 step  =         1.000000E+00

 iter  =                   73
 nfunc =                   75
 f     =      -8.424494142079
 gnorm =       0.024685368947
 step  =         1.000000E+00

 iter  =                   74
 nfunc =                   76
 f     =      -8.425387948201
 gnorm =       0.028486430094
 step  =         1.000000E+00

 iter  =                   75
 nfunc =                   77
 f     =      -8.425975078577
 gnorm =       0.051245066509
 step  =         1.000000E+00

 iter  =                   76
 nfunc =                   78
 f     =      -8.426914390730
 gnorm =       0.019314804660
 step  =         1.000000E+00

 iter  =                   77
 nfunc =                   79
 f     =      -8.427282627283
 gnorm =       0.016767890276
 step  =         1.000000E+00

 iter  =                   78
 nfunc =                   80
 f     =      -8.428055103579
 gnorm =       0.022983985914
 step  =         1.000000E+00

 iter  =                   79
 nfunc =                   81
 f     =      -8.428668228841
 gnorm =       0.032307362660
 step  =         1.000000E+00

 iter  =                   80
 nfunc =                   82
 f     =      -8.429232841447
 gnorm =       0.015785804882
 step  =         1.000000E+00

 iter  =                   81
 nfunc =                   83
 f     =      -8.429570314076
 gnorm =       0.013827867273
 step  =         1.000000E+00

 iter  =                   82
 nfunc =                   84
 f     =      -8.430003024459
 gnorm =       0.019074511182
 step  =         1.000000E+00

 iter  =                   83
 nfunc =                   85
 f     =      -8.430304766068
 gnorm =       0.026817694403
 step  =         1.000000E+00

 iter  =                   84
 nfunc =                   86
 f     =      -8.430675431033
 gnorm =       0.014797495437
 step  =         1.000000E+00

 iter  =                   85
 nfunc =                   87
 f     =      -8.430954706369
 gnorm =       0.012423931534
 step  =         1.000000E+00

 iter  =                   86
 nfunc =                   88
 f     =      -8.431226042068
 gnorm =       0.013468523151
 step  =         1.000000E+00

 iter  =                   87
 nfunc =                   89
 f     =      -8.431476783175
 gnorm =       0.030754180131
 step  =         1.000000E+00

 iter  =                   88
 nfunc =                   90
 f     =      -8.431805939508
 gnorm =       0.014574194010
 step  =         1.000000E+00

 iter  =                   89
 nfunc =                   91
 f     =      -8.431976571022
 gnorm =       0.010410525994
 step  =         1.000000E+00

 iter  =                   90
 nfunc =                   92
 f     =      -8.432151758103
 gnorm =       0.011050095478
 step  =         1.000000E+00

 iter  =                   91
 nfunc =                   93
 f     =      -8.432372367281
 gnorm =       0.019693344720
 step  =         1.000000E+00

 iter  =                   92
 nfunc =                   94
 f     =      -8.432604938495
 gnorm =       0.012024631119
 step  =         1.000000E+00

 iter  =                   93
 nfunc =                   95
 f     =      -8.432761263411
 gnorm =       0.009131622283
 step  =         1.000000E+00

 iter  =                   94
 nfunc =                   96
 f     =      -8.432916052608
 gnorm =       0.010703022572
 step  =         1.000000E+00

 iter  =                   95
 nfunc =                   97
 f     =      -8.433043036197
 gnorm =       0.021815567141
 step  =         1.000000E+00

 iter  =                   96
 nfunc =                   98
 f     =      -8.433197563834
 gnorm =       0.010367906520
 step  =         1.000000E+00

 iter  =                   97
 nfunc =                   99
 f     =      -8.433304138368
 gnorm =       0.008701665130
 step  =         1.000000E+00

 iter  =                   98
 nfunc =                  100
 f     =      -8.433383235768
 gnorm =       0.009797476927
 step  =         1.000000E+00

 iter  =                   99
 nfunc =                  101
 f     =      -8.433542380636
 gnorm =       0.014194578268
 step  =         1.000000E+00

 iter  =                  100
 nfunc =                  102
 f     =      -8.433632457428
 gnorm =       0.016808942783
 step  =         1.000000E+00

 iter  =                  101
 nfunc =                  103
 f     =      -8.433742721371
 gnorm =       0.007140558955
 step  =         1.000000E+00

 iter  =                  102
 nfunc =                  104
 f     =      -8.433812246592
 gnorm =       0.007472097293
 step  =         1.000000E+00

 iter  =                  103
 nfunc =                  105
 f     =      -8.433898756119
 gnorm =       0.008942469416
 step  =         1.000000E+00

 iter  =                  104
 nfunc =                  106
 f     =      -8.434078148421
 gnorm =       0.010162923547
 step  =         1.000000E+00

 iter  =                  105
 nfunc =                  108
 f     =      -8.434130734901
 gnorm =       0.009735358666
 step  =         1.459341E-01

 iter  =                  106
 nfunc =                  109
 f     =      -8.434287557194
 gnorm =       0.007623503883
 step  =         1.000000E+00

 iter  =                  107
 nfunc =                  110
 f     =      -8.434387404154
 gnorm =       0.014118949244
 step  =         1.000000E+00

 iter  =                  108
 nfunc =                  111
 f     =      -8.434516724327
 gnorm =       0.007850948252
 step  =         1.000000E+00

 iter  =                  109
 nfunc =                  112
 f     =      -8.434594385368
 gnorm =       0.007300783331
 step  =         1.000000E+00

 iter  =                  110
 nfunc =                  113
 f     =      -8.434650796044
 gnorm =       0.011426877276
 step  =         1.000000E+00

 iter  =                  111
 nfunc =                  114
 f     =      -8.434709352427
 gnorm =       0.006880007040
 step  =         1.000000E+00

 iter  =                  112
 nfunc =                  115
 f     =      -8.434787899253
 gnorm =       0.007401974913
 step  =         1.000000E+00

 iter  =                  113
 nfunc =                  116
 f     =      -8.434851550762
 gnorm =       0.007350859600
 step  =         1.000000E+00

 iter  =                  114
 nfunc =                  117
 f     =      -8.434943170508
 gnorm =       0.013592684100
 step  =         1.000000E+00

 iter  =                  115
 nfunc =                  118
 f     =      -8.435020363365
 gnorm =       0.008384931658
 step  =         1.000000E+00

 iter  =                  116
 nfunc =                  119
 f     =      -8.435064927217
 gnorm =       0.005284352501
 step  =         1.000000E+00

 iter  =                  117
 nfunc =                  120
 f     =      -8.435123656224
 gnorm =       0.005483378755
 step  =         1.000000E+00

 iter  =                  118
 nfunc =                  121
 f     =      -8.435184135937
 gnorm =       0.006747550597
 step  =         1.000000E+00

 iter  =                  119
 nfunc =                  122
 f     =      -8.435227260757
 gnorm =       0.015174372069
 step  =         1.000000E+00

 iter  =                  120
 nfunc =                  123
 f     =      -8.435306484225
 gnorm =       0.006592148169
 step  =         1.000000E+00

 iter  =                  121
 nfunc =                  124
 f     =      -8.435338491199
 gnorm =       0.004663727600
 step  =         1.000000E+00

 iter  =                  122
 nfunc =                  125
 f     =      -8.435382994467
 gnorm =       0.006136870278
 step  =         1.000000E+00

 iter  =                  123
 nfunc =                  126
 f     =      -8.435442649861
 gnorm =       0.008920229712
 step  =         1.000000E+00

 iter  =                  124
 nfunc =                  127
 f     =      -8.435490894522
 gnorm =       0.005962621807
 step  =         1.000000E+00

 iter  =                  125
 nfunc =                  128
 f     =      -8.435528767690
 gnorm =       0.006243706666
 step  =         1.000000E+00

 iter  =                  126
 nfunc =                  129
 f     =      -8.435562730955
 gnorm =       0.005747391413
 step  =         1.000000E+00

 iter  =                  127
 nfunc =                  130
 f     =      -8.435618053093
 gnorm =       0.006393489293
 step  =         1.000000E+00

 iter  =                  128
 nfunc =                  131
 f     =      -8.435689053713
 gnorm =       0.009585843910
 step  =         1.000000E+00

 iter  =                  129
 nfunc =                  132
 f     =      -8.435747366554
 gnorm =       0.008188826164
 step  =         1.000000E+00

 iter  =                  130
 nfunc =                  133
 f     =      -8.435794961214
 gnorm =       0.004980420171
 step  =         1.000000E+00

 iter  =                  131
 nfunc =                  134
 f     =      -8.435847484831
 gnorm =       0.005394409641
 step  =         1.000000E+00

 iter  =                  132
 nfunc =                  135
 f     =      -8.435894210613
 gnorm =       0.007693645278
 step  =         1.000000E+00

 iter  =                  133
 nfunc =                  136
 f     =      -8.435957764266
 gnorm =       0.005551932825
 step  =         1.000000E+00

 iter  =                  134
 nfunc =                  137
 f     =      -8.436004454937
 gnorm =       0.010221493835
 step  =         1.000000E+00

 iter  =                  135
 nfunc =                  138
 f     =      -8.436050624440
 gnorm =       0.005772843446
 step  =         1.000000E+00

 iter  =                  136
 nfunc =                  139
 f     =      -8.436087379006
 gnorm =       0.005066427568
 step  =         1.000000E+00

 iter  =                  137
 nfunc =                  140
 f     =      -8.436140819897
 gnorm =       0.007452299801
 step  =         1.000000E+00

 iter  =                  138
 nfunc =                  141
 f     =      -8.436177102448
 gnorm =       0.009539204683
 step  =         1.000000E+00

 iter  =                  139
 nfunc =                  142
 f     =      -8.436214680931
 gnorm =       0.005248006970
 step  =         1.000000E+00

 iter  =                  140
 nfunc =                  143
 f     =      -8.436258528290
 gnorm =       0.004430071514
 step  =         1.000000E+00

 iter  =                  141
 nfunc =                  144
 f     =      -8.436292031357
 gnorm =       0.004831717733
 step  =         1.000000E+00

 iter  =                  142
 nfunc =                  145
 f     =      -8.436357294616
 gnorm =       0.005872923206
 step  =         1.000000E+00

 iter  =                  143
 nfunc =                  147
 f     =      -8.436376810078
 gnorm =       0.004536993176
 step  =         1.698262E-01

 iter  =                  144
 nfunc =                  148
 f     =      -8.436410516636
 gnorm =       0.003335186000
 step  =         1.000000E+00

 iter  =                  145
 nfunc =                  149
 f     =      -8.436430887753
 gnorm =       0.007252478909
 step  =         1.000000E+00

 iter  =                  146
 nfunc =                  150
 f     =      -8.436456058115
 gnorm =       0.004119593546
 step  =         1.000000E+00

 iter  =                  147
 nfunc =                  151
 f     =      -8.436475918326
 gnorm =       0.003172610490
 step  =         1.000000E+00

 iter  =                  148
 nfunc =                  152
 f     =      -8.436493604666
 gnorm =       0.003108593293
 step  =         1.000000E+00

 iter  =                  149
 nfunc =                  153
 f     =      -8.436517080384
 gnorm =       0.005842963096
 step  =         1.000000E+00

 iter  =                  150
 nfunc =                  154
 f     =      -8.436531377230
 gnorm =       0.005915147096
 step  =         1.000000E+00

 iter  =                  151
 nfunc =                  155
 f     =      -8.436545497201
 gnorm =       0.002775017317
 step  =         1.000000E+00

 iter  =                  152
 nfunc =                  156
 f     =      -8.436556385570
 gnorm =       0.002652232541
 step  =         1.000000E+00

 iter  =                  153
 nfunc =                  157
 f     =      -8.436568403365
 gnorm =       0.003289174490
 step  =         1.000000E+00

 iter  =                  154
 nfunc =                  158
 f     =      -8.436598312775
 gnorm =       0.003915341761
 step  =         1.000000E+00

 iter  =                  155
 nfunc =                  160
 f     =      -8.436615585312
 gnorm =       0.006625196112
 step  =         5.244646E-01

 iter  =                  156
 nfunc =                  161
 f     =      -8.436645882668
 gnorm =       0.003809563549
 step  =         1.000000E+00

 iter  =                  157
 nfunc =                  162
 f     =      -8.436666775203
 gnorm =       0.004859595065
 step  =         1.000000E+00

 iter  =                  158
 nfunc =                  163
 f     =      -8.436682739446
 gnorm =       0.004425823877
 step  =         1.000000E+00

 iter  =                  159
 nfunc =                  164
 f     =      -8.436695279969
 gnorm =       0.003286770396
 step  =         1.000000E+00

 iter  =                  160
 nfunc =                  165
 f     =      -8.436714278083
 gnorm =       0.002946019044
 step  =         1.000000E+00

 iter  =                  161
 nfunc =                  166
 f     =      -8.436736070573
 gnorm =       0.005396241364
 step  =         1.000000E+00

 iter  =                  162
 nfunc =                  167
 f     =      -8.436763480919
 gnorm =       0.004604485274
 step  =         1.000000E+00

 iter  =                  163
 nfunc =                  168
 f     =      -8.436783585171
 gnorm =       0.008155822261
 step  =         1.000000E+00

 iter  =                  164
 nfunc =                  169
 f     =      -8.436808797236
 gnorm =       0.003249214318
 step  =         1.000000E+00

 iter  =                  165
 nfunc =                  170
 f     =      -8.436822326198
 gnorm =       0.002968159758
 step  =         1.000000E+00

 iter  =                  166
 nfunc =                  171
 f     =      -8.436840083354
 gnorm =       0.003875969531
 step  =         1.000000E+00

 iter  =                  167
 nfunc =                  172
 f     =      -8.436863045097
 gnorm =       0.006153637236
 step  =         1.000000E+00

 iter  =                  168
 nfunc =                  173
 f     =      -8.436876573720
 gnorm =       0.006642693220
 step  =         1.000000E+00

 iter  =                  169
 nfunc =                  174
 f     =      -8.436891103284
 gnorm =       0.002451084481
 step  =         1.000000E+00

 iter  =                  170
 nfunc =                  175
 f     =      -8.436898064891
 gnorm =       0.002580955274
 step  =         1.000000E+00

 iter  =                  171
 nfunc =                  176
 f     =      -8.436907833390
 gnorm =       0.003242542490
 step  =         1.000000E+00

 iter  =                  172
 nfunc =                  177
 f     =      -8.436929885161
 gnorm =       0.003709520616
 step  =         1.000000E+00

 iter  =                  173
 nfunc =                  179
 f     =      -8.436934932386
 gnorm =       0.004113185079
 step  =         1.137538E-01

 iter  =                  174
 nfunc =                  180
 f     =      -8.436954584263
 gnorm =       0.003203001225
 step  =         1.000000E+00

 iter  =                  175
 nfunc =                  181
 f     =      -8.436970062376
 gnorm =       0.004357189524
 step  =         1.000000E+00

 iter  =                  176
 nfunc =                  182
 f     =      -8.436987541196
 gnorm =       0.002902202379
 step  =         1.000000E+00

 iter  =                  177
 nfunc =                  183
 f     =      -8.436995842398
 gnorm =       0.002154306551
 step  =         1.000000E+00

 iter  =                  178
 nfunc =                  184
 f     =      -8.437010857858
 gnorm =       0.002054886559
 step  =         1.000000E+00

 iter  =                  179
 nfunc =                  185
 f     =      -8.437022867987
 gnorm =       0.005928757168
 step  =         1.000000E+00

 iter  =                  180
 nfunc =                  186
 f     =      -8.437040794351
 gnorm =       0.002705392022
 step  =         1.000000E+00

 iter  =                  181
 nfunc =                  187
 f     =      -8.437052341247
 gnorm =       0.002439688584
 step  =         1.000000E+00

 iter  =                  182
 nfunc =                  188
 f     =      -8.437059389212
 gnorm =       0.005547153542
 step  =         1.000000E+00

 iter  =                  183
 nfunc =                  189
 f     =      -8.437069161453
 gnorm =       0.002669400917
 step  =         1.000000E+00

 iter  =                  184
 nfunc =                  190
 f     =      -8.437079195026
 gnorm =       0.002865686175
 step  =         1.000000E+00

 iter  =                  185
 nfunc =                  191
 f     =      -8.437090662542
 gnorm =       0.003376160134
 step  =         1.000000E+00

 iter  =                  186
 nfunc =                  192
 f     =      -8.437107709655
 gnorm =       0.003611969436
 step  =         1.000000E+00

 iter  =                  187
 nfunc =                  194
 f     =      -8.437113664520
 gnorm =       0.003188071460
 step  =         1.339794E-01

 iter  =                  188
 nfunc =                  195
 f     =      -8.437128493861
 gnorm =       0.002289290035
 step  =         1.000000E+00

 iter  =                  189
 nfunc =                  196
 f     =      -8.437139711066
 gnorm =       0.002269949813
 step  =         1.000000E+00

 iter  =                  190
 nfunc =                  197
 f     =      -8.437152182750
 gnorm =       0.005699673104
 step  =         1.000000E+00

 iter  =                  191
 nfunc =                  198
 f     =      -8.437161130345
 gnorm =       0.004164985236
 step  =         1.000000E+00

 iter  =                  192
 nfunc =                  199
 f     =      -8.437166025896
 gnorm =       0.002318716286
 step  =         1.000000E+00

 iter  =                  193
 nfunc =                  200
 f     =      -8.437172387163
 gnorm =       0.002035595806
 step  =         1.000000E+00

 iter  =                  194
 nfunc =                  201
 f     =      -8.437179171198
 gnorm =       0.002960372390
 step  =         1.000000E+00

 iter  =                  195
 nfunc =                  202
 f     =      -8.437189148803
 gnorm =       0.003060459258
 step  =         1.000000E+00

 iter  =                  196
 nfunc =                  203
 f     =      -8.437200130756
 gnorm =       0.006208355630
 step  =         1.000000E+00

 iter  =                  197
 nfunc =                  204
 f     =      -8.437209998471
 gnorm =       0.003717912132
 step  =         1.000000E+00

 iter  =                  198
 nfunc =                  205
 f     =      -8.437215181175
 gnorm =       0.001881000987
 step  =         1.000000E+00

 iter  =                  199
 nfunc =                  206
 f     =      -8.437219191016
 gnorm =       0.001527163455
 step  =         1.000000E+00

 iter  =                  200
 nfunc =                  207
 f     =      -8.437224644580
 gnorm =       0.002182580758
 step  =         1.000000E+00

 iter  =                  201
 nfunc =                  208
 f     =      -8.437234326872
 gnorm =       0.002832276359
 step  =         1.000000E+00

 iter  =                  202
 nfunc =                  210
 f     =      -8.437239388897
 gnorm =       0.003497486773
 step  =         3.077400E-01

 iter  =                  203
 nfunc =                  211
 f     =      -8.437247901218
 gnorm =       0.002208407505
 step  =         1.000000E+00

 iter  =                  204
 nfunc =                  212
 f     =      -8.437255265519
 gnorm =       0.001755198824
 step  =         1.000000E+00

 iter  =                  205
 nfunc =                  213
 f     =      -8.437261248324
 gnorm =       0.003859169650
 step  =         1.000000E+00

 iter  =                  206
 nfunc =                  214
 f     =      -8.437267609613
 gnorm =       0.002818801712
 step  =         1.000000E+00

 iter  =                  207
 nfunc =                  215
 f     =      -8.437273326063
 gnorm =       0.002180082851
 step  =         1.000000E+00

 iter  =                  208
 nfunc =                  216
 f     =      -8.437281778997
 gnorm =       0.002077145476
 step  =         1.000000E+00

 iter  =                  209
 nfunc =                  217
 f     =      -8.437285459559
 gnorm =       0.004566185712
 step  =         1.000000E+00

 iter  =                  210
 nfunc =                  218
 f     =      -8.437291471315
 gnorm =       0.002316104380
 step  =         1.000000E+00

 iter  =                  211
 nfunc =                  219
 f     =      -8.437296622633
 gnorm =       0.001626254166
 step  =         1.000000E+00

 iter  =                  212
 nfunc =                  220
 f     =      -8.437300186177
 gnorm =       0.001739067681
 step  =         1.000000E+00

 iter  =                  213
 nfunc =                  221
 f     =      -8.437305920387
 gnorm =       0.001901607417
 step  =         1.000000E+00

 iter  =                  214
 nfunc =                  222
 f     =      -8.437308837399
 gnorm =       0.005072584387
 step  =         1.000000E+00

 iter  =                  215
 nfunc =                  223
 f     =      -8.437317079839
 gnorm =       0.002371549496
 step  =         1.000000E+00

 iter  =                  216
 nfunc =                  224
 f     =      -8.437320599247
 gnorm =       0.001360868305
 step  =         1.000000E+00

 iter  =                  217
 nfunc =                  225
 f     =      -8.437324290784
 gnorm =       0.001768150430
 step  =         1.000000E+00

 iter  =                  218
 nfunc =                  226
 f     =      -8.437330848608
 gnorm =       0.002696066684
 step  =         1.000000E+00

 iter  =                  219
 nfunc =                  227
 f     =      -8.437337663728
 gnorm =       0.002799256359
 step  =         1.000000E+00

 iter  =                  220
 nfunc =                  228
 f     =      -8.437341906010
 gnorm =       0.002318408775
 step  =         1.000000E+00

 iter  =                  221
 nfunc =                  229
 f     =      -8.437345116968
 gnorm =       0.001724864566
 step  =         1.000000E+00

 iter  =                  222
 nfunc =                  230
 f     =      -8.437350873308
 gnorm =       0.001422551356
 step  =         1.000000E+00

 iter  =                  223
 nfunc =                  231
 f     =      -8.437356843215
 gnorm =       0.002181415401
 step  =         1.000000E+00

 iter  =                  224
 nfunc =                  232
 f     =      -8.437361769401
 gnorm =       0.002288771756
 step  =         1.000000E+00

 iter  =                  225
 nfunc =                  233
 f     =      -8.437366031989
 gnorm =       0.001536578926
 step  =         1.000000E+00

 iter  =                  226
 nfunc =                  234
 f     =      -8.437372351478
 gnorm =       0.001762658450
 step  =         1.000000E+00

 iter  =                  227
 nfunc =                  235
 f     =      -8.437376250881
 gnorm =       0.003927390905
 step  =         1.000000E+00

 iter  =                  228
 nfunc =                  236
 f     =      -8.437381645442
 gnorm =       0.002216796596
 step  =         1.000000E+00

 iter  =                  229
 nfunc =                  237
 f     =      -8.437388067856
 gnorm =       0.001874741824
 step  =         1.000000E+00

 iter  =                  230
 nfunc =                  238
 f     =      -8.437392566847
 gnorm =       0.001837199441
 step  =         1.000000E+00

 iter  =                  231
 nfunc =                  239
 f     =      -8.437401893414
 gnorm =       0.002719329562
 step  =         1.000000E+00

 iter  =                  232
 nfunc =                  241
 f     =      -8.437407163033
 gnorm =       0.002268609039
 step  =         5.069217E-01

 iter  =                  233
 nfunc =                  242
 f     =      -8.437411140467
 gnorm =       0.001493824017
 step  =         1.000000E+00

 iter  =                  234
 nfunc =                  243
 f     =      -8.437414716155
 gnorm =       0.001915370646
 step  =         1.000000E+00

 iter  =                  235
 nfunc =                  244
 f     =      -8.437417609904
 gnorm =       0.001888062953
 step  =         1.000000E+00

 iter  =                  236
 nfunc =                  245
 f     =      -8.437420864071
 gnorm =       0.001634782609
 step  =         1.000000E+00

 iter  =                  237
 nfunc =                  246
 f     =      -8.437425439757
 gnorm =       0.003217782832
 step  =         1.000000E+00

 iter  =                  238
 nfunc =                  247
 f     =      -8.437428896905
 gnorm =       0.001585964309
 step  =         1.000000E+00

 iter  =                  239
 nfunc =                  248
 f     =      -8.437430628442
 gnorm =       0.001231040550
 step  =         1.000000E+00

 iter  =                  240
 nfunc =                  249
 f     =      -8.437435180350
 gnorm =       0.001556796500
 step  =         1.000000E+00

 iter  =                  241
 nfunc =                  251
 f     =      -8.437437070141
 gnorm =       0.001888987292
 step  =         4.688796E-01

 iter  =                  242
 nfunc =                  252
 f     =      -8.437439131272
 gnorm =       0.001480184738
 step  =         1.000000E+00

 iter  =                  243
 nfunc =                  253
 f     =      -8.437443727891
 gnorm =       0.001054809989
 step  =         1.000000E+00

 iter  =                  244
 nfunc =                  254
 f     =      -8.437445644440
 gnorm =       0.003011348940
 step  =         1.000000E+00

 iter  =                  245
 nfunc =                  255
 f     =      -8.437448534439
 gnorm =       0.001397660975
 step  =         1.000000E+00

 iter  =                  246
 nfunc =                  256
 f     =      -8.437450628631
 gnorm =       0.001123543167
 step  =         1.000000E+00

 iter  =                  247
 nfunc =                  257
 f     =      -8.437453214895
 gnorm =       0.001243241605
 step  =         1.000000E+00

 iter  =                  248
 nfunc =                  258
 f     =      -8.437457049541
 gnorm =       0.001369335174
 step  =         1.000000E+00

 iter  =                  249
 nfunc =                  260
 f     =      -8.437458436287
 gnorm =       0.001457979753
 step  =         1.525663E-01

 iter  =                  250
 nfunc =                  261
 f     =      -8.437462269212
 gnorm =       0.001168979897
 step  =         1.000000E+00

 iter  =                  251
 nfunc =                  263
 f     =      -8.437463024288
 gnorm =       0.001197252472
 step  =         2.091614E-01

 iter  =                  252
 nfunc =                  264
 f     =      -8.437464666118
 gnorm =       0.001227997916
 step  =         1.000000E+00

 iter  =                  253
 nfunc =                  265
 f     =      -8.437467826345
 gnorm =       0.001212000975
 step  =         1.000000E+00

 iter  =                  254
 nfunc =                  266
 f     =      -8.437470535846
 gnorm =       0.001965825664
 step  =         1.000000E+00

 iter  =                  255
 nfunc =                  267
 f     =      -8.437472973551
 gnorm =       0.001164462704
 step  =         1.000000E+00

 iter  =                  256
 nfunc =                  268
 f     =      -8.437474317276
 gnorm =       0.001010827024
 step  =         1.000000E+00

 iter  =                  257
 nfunc =                  269
 f     =      -8.437476999361
 gnorm =       0.001097487914
 step  =         1.000000E+00

 iter  =                  258
 nfunc =                  270
 f     =      -8.437477723031
 gnorm =       0.003154679786
 step  =         1.000000E+00

 iter  =                  259
 nfunc =                  271
 f     =      -8.437480663212
 gnorm =       0.001122454688
 step  =         1.000000E+00

 iter  =                  260
 nfunc =                  272
 f     =      -8.437481992377
 gnorm =       0.000866566384
 step  =         1.000000E+00

 iter  =                  261
 nfunc =                  273
 f     =      -8.437483573280
 gnorm =       0.001025839003
 step  =         1.000000E+00

 iter  =                  262
 nfunc =                  274
 f     =      -8.437484996867
 gnorm =       0.002373412554
 step  =         1.000000E+00

 iter  =                  263
 nfunc =                  275
 f     =      -8.437487068013
 gnorm =       0.001130081018
 step  =         1.000000E+00

 iter  =                  264
 nfunc =                  276
 f     =      -8.437488645067
 gnorm =       0.000913549963
 step  =         1.000000E+00

 iter  =                  265
 nfunc =                  277
 f     =      -8.437490481866
 gnorm =       0.001053327110
 step  =         1.000000E+00

 iter  =                  266
 nfunc =                  278
 f     =      -8.437491558482
 gnorm =       0.002884054029
 step  =         1.000000E+00

 iter  =                  267
 nfunc =                  279
 f     =      -8.437494058605
 gnorm =       0.001278981012
 step  =         1.000000E+00

 iter  =                  268
 nfunc =                  280
 f     =      -8.437495619684
 gnorm =       0.000830015097
 step  =         1.000000E+00

 iter  =                  269
 nfunc =                  281
 f     =      -8.437497107830
 gnorm =       0.001166415839
 step  =         1.000000E+00

 iter  =                  270
 nfunc =                  282
 f     =      -8.437497570498
 gnorm =       0.003204046422
 step  =         1.000000E+00

 iter  =                  271
 nfunc =                  283
 f     =      -8.437499854048
 gnorm =       0.001167693891
 step  =         1.000000E+00

 iter  =                  272
 nfunc =                  284
 f     =      -8.437500944433
 gnorm =       0.000774109833
 step  =         1.000000E+00

 iter  =                  273
 nfunc =                  285
 f     =      -8.437502243197
 gnorm =       0.001107798526
 step  =         1.000000E+00

 iter  =                  274
 nfunc =                  286
 f     =      -8.437504109590
 gnorm =       0.001314740591
 step  =         1.000000E+00

 iter  =                  275
 nfunc =                  288
 f     =      -8.437504931468
 gnorm =       0.001479224927
 step  =         1.853625E-01

 iter  =                  276
 nfunc =                  289
 f     =      -8.437507119094
 gnorm =       0.001088601563
 step  =         1.000000E+00

 iter  =                  277
 nfunc =                  290
 f     =      -8.437509067193
 gnorm =       0.001428029057
 step  =         1.000000E+00

 iter  =                  278
 nfunc =                  291
 f     =      -8.437511809820
 gnorm =       0.001026274907
 step  =         1.000000E+00

 iter  =                  279
 nfunc =                  292
 f     =      -8.437513646575
 gnorm =       0.001014168636
 step  =         1.000000E+00

 iter  =                  280
 nfunc =                  293
 f     =      -8.437515712370
 gnorm =       0.001627452130
 step  =         1.000000E+00

 iter  =                  281
 nfunc =                  294
 f     =      -8.437517876676
 gnorm =       0.001153624387
 step  =         1.000000E+00

 iter  =                  282
 nfunc =                  295
 f     =      -8.437519651200
 gnorm =       0.001024787807
 step  =         1.000000E+00

 iter  =                  283
 nfunc =                  296
 f     =      -8.437521749813
 gnorm =       0.001642565790
 step  =         1.000000E+00

 iter  =                  284
 nfunc =                  297
 f     =      -8.437523790152
 gnorm =       0.001463763472
 step  =         1.000000E+00

 iter  =                  285
 nfunc =                  298
 f     =      -8.437525565799
 gnorm =       0.001222336366
 step  =         1.000000E+00

 iter  =                  286
 nfunc =                  299
 f     =      -8.437527536126
 gnorm =       0.001842014164
 step  =         1.000000E+00

 iter  =                  287
 nfunc =                  300
 f     =      -8.437529049390
 gnorm =       0.001400044184
 step  =         1.000000E+00

 iter  =                  288
 nfunc =                  301
 f     =      -8.437530155298
 gnorm =       0.001391423545
 step  =         1.000000E+00

 iter  =                  289
 nfunc =                  302
 f     =      -8.437533494038
 gnorm =       0.001322414388
 step  =         1.000000E+00

 iter  =                  290
 nfunc =                  303
 f     =      -8.437534893356
 gnorm =       0.002399866069
 step  =         1.000000E+00

 iter  =                  291
 nfunc =                  304
 f     =      -8.437536971657
 gnorm =       0.001275595455
 step  =         1.000000E+00

 iter  =                  292
 nfunc =                  305
 f     =      -8.437538928207
 gnorm =       0.001091236534
 step  =         1.000000E+00

 iter  =                  293
 nfunc =                  306
 f     =      -8.437540570013
 gnorm =       0.001180615468
 step  =         1.000000E+00

 iter  =                  294
 nfunc =                  307
 f     =      -8.437543149831
 gnorm =       0.001530858599
 step  =         1.000000E+00

 iter  =                  295
 nfunc =                  309
 f     =      -8.437544656611
 gnorm =       0.001265395256
 step  =         2.562578E-01

 iter  =                  296
 nfunc =                  310
 f     =      -8.437546736324
 gnorm =       0.001005111169
 step  =         1.000000E+00

 iter  =                  297
 nfunc =                  311
 f     =      -8.437549219125
 gnorm =       0.001145576993
 step  =         1.000000E+00

 iter  =                  298
 nfunc =                  312
 f     =      -8.437549609558
 gnorm =       0.003744314954
 step  =         1.000000E+00

 iter  =                  299
 nfunc =                  313
 f     =      -8.437552739084
 gnorm =       0.001071355593
 step  =         1.000000E+00

 iter  =                  300
 nfunc =                  314
 f     =      -8.437553513006
 gnorm =       0.000914901790
 step  =         1.000000E+00

 iter  =                  301
 nfunc =                  315
 f     =      -8.437555236954
 gnorm =       0.001129909282
 step  =         1.000000E+00

 iter  =                  302
 nfunc =                  316
 f     =      -8.437557366636
 gnorm =       0.001329514121
 step  =         1.000000E+00

 iter  =                  303
 nfunc =                  317
 f     =      -8.437559271703
 gnorm =       0.001377346700
 step  =         1.000000E+00

 iter  =                  304
 nfunc =                  318
 f     =      -8.437560989782
 gnorm =       0.000883465884
 step  =         1.000000E+00

 iter  =                  305
 nfunc =                  319
 f     =      -8.437562714718
 gnorm =       0.001133583842
 step  =         1.000000E+00

 iter  =                  306
 nfunc =                  320
 f     =      -8.437564007709
 gnorm =       0.001468341732
 step  =         1.000000E+00

 iter  =                  307
 nfunc =                  321
 f     =      -8.437565562847
 gnorm =       0.001149921133
 step  =         1.000000E+00

 iter  =                  308
 nfunc =                  322
 f     =      -8.437566802336
 gnorm =       0.000809901726
 step  =         1.000000E+00

 iter  =                  309
 nfunc =                  323
 f     =      -8.437568228711
 gnorm =       0.001172291979
 step  =         1.000000E+00

 iter  =                  310
 nfunc =                  324
 f     =      -8.437569073179
 gnorm =       0.001503533229
 step  =         1.000000E+00

 iter  =                  311
 nfunc =                  325
 f     =      -8.437570148165
 gnorm =       0.000920153158
 step  =         1.000000E+00

 iter  =                  312
 nfunc =                  326
 f     =      -8.437571576369
 gnorm =       0.000876476249
 step  =         1.000000E+00

 iter  =                  313
 nfunc =                  327
 f     =      -8.437572600131
 gnorm =       0.000944115039
 step  =         1.000000E+00

 iter  =                  314
 nfunc =                  328
 f     =      -8.437574527613
 gnorm =       0.001975296746
 step  =         1.000000E+00

 iter  =                  315
 nfunc =                  329
 f     =      -8.437576616758
 gnorm =       0.001058789197
 step  =         1.000000E+00

 iter  =                  316
 nfunc =                  330
 f     =      -8.437577740302
 gnorm =       0.000826657731
 step  =         1.000000E+00

 iter  =                  317
 nfunc =                  331
 f     =      -8.437579205721
 gnorm =       0.001265199471
 step  =         1.000000E+00

 iter  =                  318
 nfunc =                  332
 f     =      -8.437580041384
 gnorm =       0.001640736243
 step  =         1.000000E+00

 iter  =                  319
 nfunc =                  333
 f     =      -8.437580826869
 gnorm =       0.000967137732
 step  =         1.000000E+00

 iter  =                  320
 nfunc =                  334
 f     =      -8.437581772263
 gnorm =       0.000653156419
 step  =         1.000000E+00

 iter  =                  321
 nfunc =                  335
 f     =      -8.437582207479
 gnorm =       0.000731290324
 step  =         1.000000E+00

 iter  =                  322
 nfunc =                  336
 f     =      -8.437583293720
 gnorm =       0.001774189576
 step  =         1.000000E+00

 iter  =                  323
 nfunc =                  337
 f     =      -8.437584360350
 gnorm =       0.001150376225
 step  =         1.000000E+00

 iter  =                  324
 nfunc =                  338
 f     =      -8.437584832514
 gnorm =       0.000685836059
 step  =         1.000000E+00

 iter  =                  325
 nfunc =                  339
 f     =      -8.437585523652
 gnorm =       0.000606940526
 step  =         1.000000E+00

 iter  =                  326
 nfunc =                  340
 f     =      -8.437586207720
 gnorm =       0.000805798202
 step  =         1.000000E+00

 iter  =                  327
 nfunc =                  341
 f     =      -8.437587461896
 gnorm =       0.000840319203
 step  =         1.000000E+00

 iter  =                  328
 nfunc =                  343
 f     =      -8.437587808821
 gnorm =       0.000960751765
 step  =         1.285453E-01

 iter  =                  329
 nfunc =                  344
 f     =      -8.437589070131
 gnorm =       0.000785163798
 step  =         1.000000E+00

 iter  =                  330
 nfunc =                  345
 f     =      -8.437589982158
 gnorm =       0.001718940443
 step  =         1.000000E+00

 iter  =                  331
 nfunc =                  346
 f     =      -8.437591290409
 gnorm =       0.000755083835
 step  =         1.000000E+00

 iter  =                  332
 nfunc =                  347
 f     =      -8.437592026408
 gnorm =       0.000673633252
 step  =         1.000000E+00

 iter  =                  333
 nfunc =                  348
 f     =      -8.437592436819
 gnorm =       0.001269768983
 step  =         1.000000E+00

 iter  =                  334
 nfunc =                  349
 f     =      -8.437593018301
 gnorm =       0.000744007751
 step  =         1.000000E+00

 iter  =                  335
 nfunc =                  350
 f     =      -8.437594021598
 gnorm =       0.000792610957
 step  =         1.000000E+00

 iter  =                  336
 nfunc =                  351
 f     =      -8.437594726317
 gnorm =       0.000855917983
 step  =         1.000000E+00

 iter  =                  337
 nfunc =                  352
 f     =      -8.437596418670
 gnorm =       0.001064795420
 step  =         1.000000E+00

 iter  =                  338
 nfunc =                  354
 f     =      -8.437597154116
 gnorm =       0.000983468814
 step  =         2.373848E-01

 iter  =                  339
 nfunc =                  355
 f     =      -8.437598404188
 gnorm =       0.000689567031
 step  =         1.000000E+00

 iter  =                  340
 nfunc =                  356
 f     =      -8.437599387322
 gnorm =       0.001085660036
 step  =         1.000000E+00

 iter  =                  341
 nfunc =                  357
 f     =      -8.437600335384
 gnorm =       0.001039831907
 step  =         1.000000E+00

 iter  =                  342
 nfunc =                  358
 f     =      -8.437601015553
 gnorm =       0.000686344327
 step  =         1.000000E+00

 iter  =                  343
 nfunc =                  359
 f     =      -8.437601793714
 gnorm =       0.000619662003
 step  =         1.000000E+00

 iter  =                  344
 nfunc =                  360
 f     =      -8.437602577753
 gnorm =       0.000841083436
 step  =         1.000000E+00

 iter  =                  345
 nfunc =                  361
 f     =      -8.437603731506
 gnorm =       0.000999721556
 step  =         1.000000E+00

 iter  =                  346
 nfunc =                  362
 f     =      -8.437604797555
 gnorm =       0.001174039804
 step  =         1.000000E+00

 iter  =                  347
 nfunc =                  363
 f     =      -8.437605692804
 gnorm =       0.001203848909
 step  =         1.000000E+00

 iter  =                  348
 nfunc =                  364
 f     =      -8.437606504207
 gnorm =       0.000877016144
 step  =         1.000000E+00

 iter  =                  349
 nfunc =                  365
 f     =      -8.437607568780
 gnorm =       0.000895337056
 step  =         1.000000E+00

 iter  =                  350
 nfunc =                  366
 f     =      -8.437608993903
 gnorm =       0.001204575787
 step  =         1.000000E+00

 iter  =                  351
 nfunc =                  367
 f     =      -8.437610594543
 gnorm =       0.001115372189
 step  =         1.000000E+00

 iter  =                  352
 nfunc =                  368
 f     =      -8.437612072553
 gnorm =       0.000909128040
 step  =         1.000000E+00

 iter  =                  353
 nfunc =                  369
 f     =      -8.437613660977
 gnorm =       0.001058248719
 step  =         1.000000E+00

 iter  =                  354
 nfunc =                  370
 f     =      -8.437614555325
 gnorm =       0.001534326240
 step  =         1.000000E+00

 iter  =                  355
 nfunc =                  371
 f     =      -8.437615453641
 gnorm =       0.000841960554
 step  =         1.000000E+00

 iter  =                  356
 nfunc =                  372
 f     =      -8.437616372693
 gnorm =       0.000756221011
 step  =         1.000000E+00

 iter  =                  357
 nfunc =                  373
 f     =      -8.437617182405
 gnorm =       0.000891745553
 step  =         1.000000E+00

 iter  =                  358
 nfunc =                  374
 f     =      -8.437618324205
 gnorm =       0.002633990562
 step  =         1.000000E+00

 iter  =                  359
 nfunc =                  375
 f     =      -8.437620180999
 gnorm =       0.001081390393
 step  =         1.000000E+00

 iter  =                  360
 nfunc =                  376
 f     =      -8.437621140803
 gnorm =       0.000799528003
 step  =         1.000000E+00

 iter  =                  361
 nfunc =                  377
 f     =      -8.437622428312
 gnorm =       0.001021254143
 step  =         1.000000E+00

 iter  =                  362
 nfunc =                  378
 f     =      -8.437623806694
 gnorm =       0.001186624317
 step  =         1.000000E+00

 iter  =                  363
 nfunc =                  380
 f     =      -8.437625009407
 gnorm =       0.001761166235
 step  =         3.786449E-01

 iter  =                  364
 nfunc =                  381
 f     =      -8.437627217528
 gnorm =       0.000976586614
 step  =         1.000000E+00

 iter  =                  365
 nfunc =                  382
 f     =      -8.437628691657
 gnorm =       0.000781714708
 step  =         1.000000E+00

 iter  =                  366
 nfunc =                  383
 f     =      -8.437631353141
 gnorm =       0.001269431312
 step  =         1.000000E+00

 iter  =                  367
 nfunc =                  384
 f     =      -8.437632911047
 gnorm =       0.001564754148
 step  =         1.000000E+00

 iter  =                  368
 nfunc =                  385
 f     =      -8.437634533823
 gnorm =       0.001027366568
 step  =         1.000000E+00

 iter  =                  369
 nfunc =                  386
 f     =      -8.437637008104
 gnorm =       0.001149436501
 step  =         1.000000E+00

 iter  =                  370
 nfunc =                  387
 f     =      -8.437637630688
 gnorm =       0.002549557630
 step  =         1.000000E+00

 iter  =                  371
 nfunc =                  388
 f     =      -8.437638939562
 gnorm =       0.001164653142
 step  =         1.000000E+00

 iter  =                  372
 nfunc =                  389
 f     =      -8.437639948368
 gnorm =       0.000773931967
 step  =         1.000000E+00

 iter  =                  373
 nfunc =                  390
 f     =      -8.437640746824
 gnorm =       0.000939816525
 step  =         1.000000E+00

 iter  =                  374
 nfunc =                  391
 f     =      -8.437642161535
 gnorm =       0.001039178554
 step  =         1.000000E+00

 iter  =                  375
 nfunc =                  392
 f     =      -8.437642896880
 gnorm =       0.002714900463
 step  =         1.000000E+00

 iter  =                  376
 nfunc =                  393
 f     =      -8.437645668579
 gnorm =       0.000928267490
 step  =         1.000000E+00

 iter  =                  377
 nfunc =                  394
 f     =      -8.437646941063
 gnorm =       0.000775276698
 step  =         1.000000E+00

 iter  =                  378
 nfunc =                  395
 f     =      -8.437648967318
 gnorm =       0.001145320262
 step  =         1.000000E+00

 iter  =                  379
 nfunc =                  396
 f     =      -8.437651327809
 gnorm =       0.001677717317
 step  =         1.000000E+00

 iter  =                  380
 nfunc =                  397
 f     =      -8.437652816970
 gnorm =       0.002617261698
 step  =         1.000000E+00

 iter  =                  381
 nfunc =                  398
 f     =      -8.437655143403
 gnorm =       0.001054552496
 step  =         1.000000E+00

 iter  =                  382
 nfunc =                  399
 f     =      -8.437656149184
 gnorm =       0.000889296522
 step  =         1.000000E+00

 iter  =                  383
 nfunc =                  400
 f     =      -8.437657193123
 gnorm =       0.001061899831
 step  =         1.000000E+00

 iter  =                  384
 nfunc =                  401
 f     =      -8.437658386094
 gnorm =       0.002585331086
 step  =         1.000000E+00

 iter  =                  385
 nfunc =                  402
 f     =      -8.437659918806
 gnorm =       0.001124195127
 step  =         1.000000E+00

 iter  =                  386
 nfunc =                  403
 f     =      -8.437660821466
 gnorm =       0.000834569539
 step  =         1.000000E+00

 iter  =                  387
 nfunc =                  404
 f     =      -8.437661595681
 gnorm =       0.000948327136
 step  =         1.000000E+00

 iter  =                  388
 nfunc =                  405
 f     =      -8.437663478513
 gnorm =       0.001116312191
 step  =         1.000000E+00

 iter  =                  389
 nfunc =                  407
 f     =      -8.437664694419
 gnorm =       0.001904656685
 step  =         4.694839E-01

 iter  =                  390
 nfunc =                  408
 f     =      -8.437666681436
 gnorm =       0.001017139152
 step  =         1.000000E+00

 iter  =                  391
 nfunc =                  409
 f     =      -8.437667955950
 gnorm =       0.000873876833
 step  =         1.000000E+00

 iter  =                  392
 nfunc =                  410
 f     =      -8.437669110021
 gnorm =       0.001199305844
 step  =         1.000000E+00

 iter  =                  393
 nfunc =                  411
 f     =      -8.437670092370
 gnorm =       0.001137551598
 step  =         1.000000E+00

 iter  =                  394
 nfunc =                  412
 f     =      -8.437671548859
 gnorm =       0.000923057322
 step  =         1.000000E+00

 iter  =                  395
 nfunc =                  413
 f     =      -8.437672884470
 gnorm =       0.001315057232
 step  =         1.000000E+00

 iter  =                  396
 nfunc =                  414
 f     =      -8.437674394413
 gnorm =       0.000937310782
 step  =         1.000000E+00

 iter  =                  397
 nfunc =                  415
 f     =      -8.437676756674
 gnorm =       0.001047627345
 step  =         1.000000E+00

 iter  =                  398
 nfunc =                  416
 f     =      -8.437678831141
 gnorm =       0.001433147360
 step  =         1.000000E+00

 iter  =                  399
 nfunc =                  417
 f     =      -8.437681460115
 gnorm =       0.001202928370
 step  =         1.000000E+00

 iter  =                  400
 nfunc =                  418
 f     =      -8.437683880140
 gnorm =       0.000995902369
 step  =         1.000000E+00

 iter  =                  401
 nfunc =                  419
 f     =      -8.437686731122
 gnorm =       0.001514347204
 step  =         1.000000E+00

 iter  =                  402
 nfunc =                  420
 f     =      -8.437688698311
 gnorm =       0.001680485380
 step  =         1.000000E+00

 iter  =                  403
 nfunc =                  421
 f     =      -8.437690429314
 gnorm =       0.001225605539
 step  =         1.000000E+00

 iter  =                  404
 nfunc =                  422
 f     =      -8.437692262261
 gnorm =       0.001018937961
 step  =         1.000000E+00

 iter  =                  405
 nfunc =                  423
 f     =      -8.437694318036
 gnorm =       0.001171748628
 step  =         1.000000E+00

 iter  =                  406
 nfunc =                  424
 f     =      -8.437696580033
 gnorm =       0.002664667041
 step  =         1.000000E+00

 iter  =                  407
 nfunc =                  425
 f     =      -8.437699286844
 gnorm =       0.001500845286
 step  =         1.000000E+00

 iter  =                  408
 nfunc =                  426
 f     =      -8.437700706465
 gnorm =       0.000940491244
 step  =         1.000000E+00

 iter  =                  409
 nfunc =                  427
 f     =      -8.437702045754
 gnorm =       0.000991737893
 step  =         1.000000E+00

 iter  =                  410
 nfunc =                  428
 f     =      -8.437704016492
 gnorm =       0.001380126212
 step  =         1.000000E+00

 iter  =                  411
 nfunc =                  429
 f     =      -8.437706307588
 gnorm =       0.001287811418
 step  =         1.000000E+00

 iter  =                  412
 nfunc =                  430
 f     =      -8.437709586489
 gnorm =       0.001739365214
 step  =         1.000000E+00

 iter  =                  413
 nfunc =                  431
 f     =      -8.437712963806
 gnorm =       0.001795004043
 step  =         1.000000E+00

 iter  =                  414
 nfunc =                  432
 f     =      -8.437715649267
 gnorm =       0.001356000475
 step  =         1.000000E+00

 iter  =                  415
 nfunc =                  433
 f     =      -8.437718011154
 gnorm =       0.001220792725
 step  =         1.000000E+00

 iter  =                  416
 nfunc =                  434
 f     =      -8.437719996514
 gnorm =       0.001525045613
 step  =         1.000000E+00

 iter  =                  417
 nfunc =                  435
 f     =      -8.437723211648
 gnorm =       0.001332535901
 step  =         1.000000E+00

 iter  =                  418
 nfunc =                  436
 f     =      -8.437725250876
 gnorm =       0.002971585931
 step  =         1.000000E+00

 iter  =                  419
 nfunc =                  437
 f     =      -8.437728418476
 gnorm =       0.001233706131
 step  =         1.000000E+00

 iter  =                  420
 nfunc =                  438
 f     =      -8.437730050137
 gnorm =       0.001070769802
 step  =         1.000000E+00

 iter  =                  421
 nfunc =                  439
 f     =      -8.437733375512
 gnorm =       0.001281681131
 step  =         1.000000E+00

 iter  =                  422
 nfunc =                  440
 f     =      -8.437737470285
 gnorm =       0.002184043875
 step  =         1.000000E+00

 iter  =                  423
 nfunc =                  441
 f     =      -8.437742128275
 gnorm =       0.001569542917
 step  =         1.000000E+00

 iter  =                  424
 nfunc =                  442
 f     =      -8.437745701562
 gnorm =       0.001154915647
 step  =         1.000000E+00

 iter  =                  425
 nfunc =                  443
 f     =      -8.437748939456
 gnorm =       0.001942812827
 step  =         1.000000E+00

 iter  =                  426
 nfunc =                  444
 f     =      -8.437750649603
 gnorm =       0.002520356137
 step  =         1.000000E+00

 iter  =                  427
 nfunc =                  445
 f     =      -8.437752648917
 gnorm =       0.001325398236
 step  =         1.000000E+00

 iter  =                  428
 nfunc =                  446
 f     =      -8.437755130198
 gnorm =       0.001151149519
 step  =         1.000000E+00

 iter  =                  429
 nfunc =                  447
 f     =      -8.437757026090
 gnorm =       0.001407381049
 step  =         1.000000E+00

 iter  =                  430
 nfunc =                  448
 f     =      -8.437761030948
 gnorm =       0.002075905114
 step  =         1.000000E+00

 iter  =                  431
 nfunc =                  450
 f     =      -8.437763310652
 gnorm =       0.002088333823
 step  =         5.056841E-01

 iter  =                  432
 nfunc =                  451
 f     =      -8.437765693431
 gnorm =       0.001075399665
 step  =         1.000000E+00

 iter  =                  433
 nfunc =                  452
 f     =      -8.437767422095
 gnorm =       0.001083618807
 step  =         1.000000E+00

 iter  =                  434
 nfunc =                  453
 f     =      -8.437769506904
 gnorm =       0.001157925057
 step  =         1.000000E+00

 iter  =                  435
 nfunc =                  454
 f     =      -8.437772163950
 gnorm =       0.001864261969
 step  =         1.000000E+00

 iter  =                  436
 nfunc =                  455
 f     =      -8.437774218875
 gnorm =       0.001366716845
 step  =         1.000000E+00

 iter  =                  437
 nfunc =                  456
 f     =      -8.437775394014
 gnorm =       0.001033791606
 step  =         1.000000E+00

 iter  =                  438
 nfunc =                  457
 f     =      -8.437776719149
 gnorm =       0.000976487281
 step  =         1.000000E+00

 iter  =                  439
 nfunc =                  458
 f     =      -8.437778476261
 gnorm =       0.001302417019
 step  =         1.000000E+00

 iter  =                  440
 nfunc =                  459
 f     =      -8.437780543695
 gnorm =       0.001594817859
 step  =         1.000000E+00

 iter  =                  441
 nfunc =                  460
 f     =      -8.437782210797
 gnorm =       0.001014028905
 step  =         1.000000E+00

 iter  =                  442
 nfunc =                  461
 f     =      -8.437783619900
 gnorm =       0.000942864579
 step  =         1.000000E+00

 iter  =                  443
 nfunc =                  462
 f     =      -8.437785272872
 gnorm =       0.001646313587
 step  =         1.000000E+00

 iter  =                  444
 nfunc =                  463
 f     =      -8.437787221896
 gnorm =       0.001097723778
 step  =         1.000000E+00

 iter  =                  445
 nfunc =                  464
 f     =      -8.437788815212
 gnorm =       0.000900928860
 step  =         1.000000E+00

 iter  =                  446
 nfunc =                  465
 f     =      -8.437790979845
 gnorm =       0.001081214162
 step  =         1.000000E+00

 iter  =                  447
 nfunc =                  466
 f     =      -8.437792781962
 gnorm =       0.001880616948
 step  =         1.000000E+00

 iter  =                  448
 nfunc =                  467
 f     =      -8.437794872334
 gnorm =       0.001120589460
 step  =         1.000000E+00

 iter  =                  449
 nfunc =                  468
 f     =      -8.437797096468
 gnorm =       0.001010651123
 step  =         1.000000E+00

 iter  =                  450
 nfunc =                  469
 f     =      -8.437798582612
 gnorm =       0.001865084897
 step  =         1.000000E+00

 iter  =                  451
 nfunc =                  470
 f     =      -8.437800324040
 gnorm =       0.001199781815
 step  =         1.000000E+00

 iter  =                  452
 nfunc =                  471
 f     =      -8.437802492981
 gnorm =       0.000905921113
 step  =         1.000000E+00

 iter  =                  453
 nfunc =                  472
 f     =      -8.437804173540
 gnorm =       0.001236997817
 step  =         1.000000E+00

 iter  =                  454
 nfunc =                  473
 f     =      -8.437805281992
 gnorm =       0.003390477142
 step  =         1.000000E+00

 iter  =                  455
 nfunc =                  474
 f     =      -8.437808017061
 gnorm =       0.001326754844
 step  =         1.000000E+00

 iter  =                  456
 nfunc =                  475
 f     =      -8.437809647742
 gnorm =       0.001074070173
 step  =         1.000000E+00

 iter  =                  457
 nfunc =                  476
 f     =      -8.437811293799
 gnorm =       0.001311519262
 step  =         1.000000E+00

 iter  =                  458
 nfunc =                  477
 f     =      -8.437813809169
 gnorm =       0.001272520787
 step  =         1.000000E+00

 iter  =                  459
 nfunc =                  478
 f     =      -8.437815775504
 gnorm =       0.003398939068
 step  =         1.000000E+00

 iter  =                  460
 nfunc =                  479
 f     =      -8.437819269897
 gnorm =       0.001173985760
 step  =         1.000000E+00

 iter  =                  461
 nfunc =                  480
 f     =      -8.437820355849
 gnorm =       0.000770807054
 step  =         1.000000E+00

 iter  =                  462
 nfunc =                  481
 f     =      -8.437821793514
 gnorm =       0.000852985442
 step  =         1.000000E+00

 iter  =                  463
 nfunc =                  482
 f     =      -8.437823157754
 gnorm =       0.002069086526
 step  =         1.000000E+00

 iter  =                  464
 nfunc =                  483
 f     =      -8.437824973653
 gnorm =       0.001193384694
 step  =         1.000000E+00

 iter  =                  465
 nfunc =                  484
 f     =      -8.437826951638
 gnorm =       0.000754494731
 step  =         1.000000E+00

 iter  =                  466
 nfunc =                  485
 f     =      -8.437828069979
 gnorm =       0.000906168106
 step  =         1.000000E+00

 iter  =                  467
 nfunc =                  487
 f     =      -8.437829027593
 gnorm =       0.001504459545
 step  =         4.434438E-01

 iter  =                  468
 nfunc =                  488
 f     =      -8.437830421753
 gnorm =       0.000873272237
 step  =         1.000000E+00

 iter  =                  469
 nfunc =                  489
 f     =      -8.437831705105
 gnorm =       0.000775738328
 step  =         1.000000E+00

 iter  =                  470
 nfunc =                  490
 f     =      -8.437833745414
 gnorm =       0.001076896331
 step  =         1.000000E+00

 iter  =                  471
 nfunc =                  491
 f     =      -8.437835695162
 gnorm =       0.001865088268
 step  =         1.000000E+00

 iter  =                  472
 nfunc =                  492
 f     =      -8.437838138410
 gnorm =       0.001302611796
 step  =         1.000000E+00

 iter  =                  473
 nfunc =                  493
 f     =      -8.437840343277
 gnorm =       0.001140974822
 step  =         1.000000E+00

 iter  =                  474
 nfunc =                  494
 f     =      -8.437842268703
 gnorm =       0.001511021574
 step  =         1.000000E+00

 iter  =                  475
 nfunc =                  495
 f     =      -8.437844308741
 gnorm =       0.001203897708
 step  =         1.000000E+00

 iter  =                  476
 nfunc =                  496
 f     =      -8.437847710998
 gnorm =       0.001227501736
 step  =         1.000000E+00

 iter  =                  477
 nfunc =                  497
 f     =      -8.437849454402
 gnorm =       0.003200185652
 step  =         1.000000E+00

 iter  =                  478
 nfunc =                  498
 f     =      -8.437852234523
 gnorm =       0.001306918411
 step  =         1.000000E+00

 iter  =                  479
 nfunc =                  499
 f     =      -8.437853817250
 gnorm =       0.001075302391
 step  =         1.000000E+00

 iter  =                  480
 nfunc =                  500
 f     =      -8.437855802581
 gnorm =       0.001267861002
 step  =         1.000000E+00

 iter  =                  481
 nfunc =                  501
 f     =      -8.437858908268
 gnorm =       0.001419176434
 step  =         1.000000E+00

 iter  =                  482
 nfunc =                  503
 f     =      -8.437861105900
 gnorm =       0.002021010112
 step  =         3.705060E-01

 iter  =                  483
 nfunc =                  504
 f     =      -8.437865022343
 gnorm =       0.001316755360
 step  =         1.000000E+00

 iter  =                  484
 nfunc =                  505
 f     =      -8.437867256189
 gnorm =       0.001989123735
 step  =         1.000000E+00

 iter  =                  485
 nfunc =                  506
 f     =      -8.437869940583
 gnorm =       0.001214112835
 step  =         1.000000E+00

 iter  =                  486
 nfunc =                  507
 f     =      -8.437872065371
 gnorm =       0.001119846352
 step  =         1.000000E+00

 iter  =                  487
 nfunc =                  508
 f     =      -8.437875132245
 gnorm =       0.001704900683
 step  =         1.000000E+00

 iter  =                  488
 nfunc =                  509
 f     =      -8.437878368123
 gnorm =       0.001739494464
 step  =         1.000000E+00

 iter  =                  489
 nfunc =                  510
 f     =      -8.437880916802
 gnorm =       0.001098716503
 step  =         1.000000E+00

 iter  =                  490
 nfunc =                  511
 f     =      -8.437884075744
 gnorm =       0.000982012800
 step  =         1.000000E+00

 iter  =                  491
 nfunc =                  512
 f     =      -8.437886314370
 gnorm =       0.001448390621
 step  =         1.000000E+00

 iter  =                  492
 nfunc =                  513
 f     =      -8.437889193317
 gnorm =       0.001038600069
 step  =         1.000000E+00

 iter  =                  493
 nfunc =                  514
 f     =      -8.437891279759
 gnorm =       0.001279626302
 step  =         1.000000E+00

 iter  =                  494
 nfunc =                  515
 f     =      -8.437893071380
 gnorm =       0.001719820881
 step  =         1.000000E+00

 iter  =                  495
 nfunc =                  516
 f     =      -8.437894608534
 gnorm =       0.001041570754
 step  =         1.000000E+00

 iter  =                  496
 nfunc =                  517
 f     =      -8.437896025811
 gnorm =       0.000978981767
 step  =         1.000000E+00

 iter  =                  497
 nfunc =                  518
 f     =      -8.437897814571
 gnorm =       0.001417364994
 step  =         1.000000E+00

 iter  =                  498
 nfunc =                  519
 f     =      -8.437899147149
 gnorm =       0.001546748613
 step  =         1.000000E+00

 iter  =                  499
 nfunc =                  520
 f     =      -8.437900596581
 gnorm =       0.000922921172
 step  =         1.000000E+00

 iter  =                  500
 nfunc =                  521
 f     =      -8.437902101824
 gnorm =       0.000967351044
 step  =         1.000000E+00

 iter  =                  501
 nfunc =                  522
 f     =      -8.437903442742
 gnorm =       0.001575791558
 step  =         1.000000E+00

 iter  =                  502
 nfunc =                  523
 f     =      -8.437905607494
 gnorm =       0.001055399089
 step  =         1.000000E+00

 iter  =                  503
 nfunc =                  524
 f     =      -8.437907739223
 gnorm =       0.000958250141
 step  =         1.000000E+00

 iter  =                  504
 nfunc =                  525
 f     =      -8.437910752076
 gnorm =       0.001289414754
 step  =         1.000000E+00

 iter  =                  505
 nfunc =                  526
 f     =      -8.437911952992
 gnorm =       0.001808921077
 step  =         1.000000E+00

 iter  =                  506
 nfunc =                  527
 f     =      -8.437913593225
 gnorm =       0.000868365094
 step  =         1.000000E+00

 iter  =                  507
 nfunc =                  528
 f     =      -8.437915129080
 gnorm =       0.000855759117
 step  =         1.000000E+00

 iter  =                  508
 nfunc =                  529
 f     =      -8.437916640974
 gnorm =       0.001173289509
 step  =         1.000000E+00

 iter  =                  509
 nfunc =                  531
 f     =      -8.437917742459
 gnorm =       0.001660128665
 step  =         4.574246E-01

 iter  =                  510
 nfunc =                  532
 f     =      -8.437919395233
 gnorm =       0.000999732531
 step  =         1.000000E+00

 iter  =                  511
 nfunc =                  533
 f     =      -8.437920968384
 gnorm =       0.000750874315
 step  =         1.000000E+00

 iter  =                  512
 nfunc =                  534
 f     =      -8.437922812034
 gnorm =       0.000896551602
 step  =         1.000000E+00

  Final diagonalization of Hamiltonian matrix (hmstat) among states: 

 hmstat matrix (real) :
                        1
        1   -8.437923E+00

 hmstat matrix (imag) :
                        1
        1    0.000000E+00

 ovstat matrix (real) :
                        1
        1    1.000000E+00

 ovstat matrix (imag) :
                        1
        1    0.000000E+00

 hmstat eigenvalues :
                        1
        1   -8.437923E+00

 hmstat eigenvectors (real) :
                        1
        1    1.000000E+00

 hmstat eigenvectors (imag) :
                        1
        1    0.000000E+00


  SCF done. Number of iterations exhausted. Re-run.
  Elapsed time:       101.01 sec.

