
 +------------------------------------------------------+
 |                                                      |
 | phflat - program to perform projected HF / HFB based |
 |          calculations on 1D / 2D spin lattices       |
 |                                                      |
 |                             CAJH, v0.02  --  11.2012 |
 +------------------------------------------------------+


  phflat started on sulu.rice.edu at Fri Nov 18 16:30:32 2016.
  phflat running on up to      4 thread(s).


  Hamiltonian parameters :

    iham   =            1  --  Hubbard Hamiltonian
    uhub   =       4.0000
    t1hub  =       1.0000
    t2hub  =       0.0000
    t3hub  =       0.0000

  Lattice parameters :

    ilatty =            1  --  square 1D / 2D lattice
    inx    =            4
    iny    =            4
    lpbc   =            T

  Number of electrons :

    nup    =            8
    ndn    =            8

  Method selection :

    iwfnty =            1  --  RHF determinant
    imethd =            1  --  HF

  Optimization parameters :

    iprint =            0
    igstyp =            1
    igsmix =            1
    igsnmx =            0
    maxit  =          512
    mxfunc =         2048
    nbuf   =           20
    gtol   =    1.000E-04
    iopt   =            1  --  FED type optimization

  Projection parameters :


  State control :

    lread  =            F
    lsave  =            T
    lnewdt =            F
    lnewst =            F


  SCF start.


 initial values:

 f     =      -7.689764775836
 gnorm =       1.574628672809

 iter  =                    1
 nfunc =                    3
 f     =      -7.853191269914
 gnorm =       0.972956442560
 step  =         4.132473E-02

 iter  =                    2
 nfunc =                    4
 f     =      -7.985545602452
 gnorm =       0.263569643023
 step  =         1.000000E+00

 iter  =                    3
 nfunc =                    5
 f     =      -7.995877065721
 gnorm =       0.167347675807
 step  =         1.000000E+00

 iter  =                    4
 nfunc =                    6
 f     =      -7.998940441309
 gnorm =       0.056570063058
 step  =         1.000000E+00

 iter  =                    5
 nfunc =                    7
 f     =      -7.999242979060
 gnorm =       0.027767429860
 step  =         1.000000E+00

 iter  =                    6
 nfunc =                    8
 f     =      -7.999361340398
 gnorm =       0.024788102426
 step  =         1.000000E+00

 iter  =                    7
 nfunc =                    9
 f     =      -7.999785210410
 gnorm =       0.026425637789
 step  =         1.000000E+00

 iter  =                    8
 nfunc =                   11
 f     =      -7.999890744655
 gnorm =       0.027774050076
 step  =         4.070091E-01

 iter  =                    9
 nfunc =                   12
 f     =      -7.999991284028
 gnorm =       0.007185330336
 step  =         1.000000E+00

 iter  =                   10
 nfunc =                   13
 f     =      -7.999997941156
 gnorm =       0.002023594414
 step  =         1.000000E+00

 iter  =                   11
 nfunc =                   14
 f     =      -7.999998799592
 gnorm =       0.001394480601
 step  =         1.000000E+00

 iter  =                   12
 nfunc =                   15
 f     =      -7.999999479043
 gnorm =       0.001157383550
 step  =         1.000000E+00

 iter  =                   13
 nfunc =                   16
 f     =      -7.999999732875
 gnorm =       0.001678744950
 step  =         1.000000E+00

 iter  =                   14
 nfunc =                   17
 f     =      -7.999999937121
 gnorm =       0.000779703887
 step  =         1.000000E+00

 iter  =                   15
 nfunc =                   18
 f     =      -7.999999985345
 gnorm =       0.000107769527
 step  =         1.000000E+00

 iter  =                   16
 nfunc =                   19
 f     =      -7.999999987220
 gnorm =       0.000092882671
 step  =         1.000000E+00

 The minimization terminated without errors.

  Final diagonalization of Hamiltonian matrix (hmstat) among states: 

 hmstat matrix (real) :
                        1
        1   -8.000000E+00

 hmstat matrix (imag) :
                        1
        1    0.000000E+00

 ovstat matrix (real) :
                        1
        1    1.000000E+00

 ovstat matrix (imag) :
                        1
        1    0.000000E+00

 hmstat eigenvalues :
                        1
        1   -8.000000E+00

 hmstat eigenvectors (real) :
                        1
        1    1.000000E+00

 hmstat eigenvectors (imag) :
                        1
        1    0.000000E+00


  SCF done. Successful completion.
  Elapsed time:         0.36 sec.

